<?xml version="1.0" encoding="utf-8"?><testsuites><testsuite name="pytest" errors="0" failures="0" skipped="0" tests="12" time="0.793" timestamp="2023-07-22T12:48:25.473391" hostname="ThinkPad-E595"><testcase classname="test.liltab.data.test_dataloaders" name="test_few_shot_data_loader_returns_proper_episodes_count" time="0.040" /><testcase classname="test.liltab.data.test_dataloaders" name="test_few_shot_data_loader_returns_proper_shape_tensors" time="0.006" /><testcase classname="test.liltab.data.test_dataloaders" name="test_few_shot_data_loader_returns_disjoint_tensors" time="0.020" /><testcase classname="test.liltab.data.test_dataloaders" name="test_few_shot_data_loader_has_next" time="0.006" /><testcase classname="test.liltab.data.test_dataloaders" name="test_composed_data_loader_returns_proper_data_count" time="0.011" /><testcase classname="test.liltab.data.test_dataloaders" name="test_composed_data_loader_returns_from_all_loaders_properly" time="0.013" /><testcase classname="test.liltab.data.test_dataloaders" name="test_composed_data_loader_returns_from_all_loaders_almost_equally" time="0.176" /><testcase classname="test.liltab.data.test_dataloaders" name="test_composed_data_loader_has_next" time="0.009" /><testcase classname="test.liltab.data.test_datasets" name="test_dataset_initializes_default_columns" time="0.006" /><testcase classname="test.liltab.data.test_datasets" name="test_dataset_assigns_non_default_columns" time="0.007" /><testcase classname="test.liltab.data.test_datasets" name="test_indexing_dataset_returns_proper_data" time="0.011" /><testcase classname="test.liltab.data.test_datasets" name="test_indexing_returns_dataset_with_proper_type" time="0.006" /></testsuite></testsuites>