============================= test session starts ==============================
platform linux -- Python 3.10.9, pytest-7.3.1, pluggy-1.0.0 -- /mnt/linux/sync/studies/liltab/.venv/bin/python
cachedir: .pytest_cache
rootdir: /mnt/linux/sync/studies/liltab
plugins: cov-4.1.0
collecting ... collected 12 items

test/liltab/data/test_dataloaders.py::test_few_shot_data_loader_returns_proper_episodes_count PASSED [  8%]
test/liltab/data/test_dataloaders.py::test_few_shot_data_loader_returns_proper_shape_tensors PASSED [ 16%]
test/liltab/data/test_dataloaders.py::test_few_shot_data_loader_returns_disjoint_tensors PASSED [ 25%]
test/liltab/data/test_dataloaders.py::test_few_shot_data_loader_has_next PASSED [ 33%]
test/liltab/data/test_dataloaders.py::test_composed_data_loader_returns_proper_data_count PASSED [ 41%]
test/liltab/data/test_dataloaders.py::test_composed_data_loader_returns_from_all_loaders_properly PASSED [ 50%]
test/liltab/data/test_dataloaders.py::test_composed_data_loader_returns_from_all_loaders_almost_equally PASSED [ 58%]
test/liltab/data/test_dataloaders.py::test_composed_data_loader_has_next PASSED [ 66%]
test/liltab/data/test_datasets.py::test_dataset_initializes_default_columns PASSED [ 75%]
test/liltab/data/test_datasets.py::test_dataset_assigns_non_default_columns PASSED [ 83%]
test/liltab/data/test_datasets.py::test_indexing_dataset_returns_proper_data PASSED [ 91%]
test/liltab/data/test_datasets.py::test_indexing_returns_dataset_with_proper_type PASSED [100%]

-------- generated xml file: /mnt/linux/sync/studies/liltab/pytest.xml ---------

---------- coverage: platform linux, python 3.10.9-final-0 -----------
Name                                              Stmts   Miss  Cover   Missing
-------------------------------------------------------------------------------
liltab/data/__init__.py                               0      0   100%
liltab/data/dataloaders.py                           46      0   100%
liltab/data/datasets.py                              19      0   100%
liltab/model/__init__.py                              0      0   100%
liltab/model/heterogenous_attributes_network.py      76     76     0%   1-530
liltab/model/utils.py                                28     28     0%   1-111
-------------------------------------------------------------------------------
TOTAL                                               169    104    38%

============================== 12 passed in 0.78s ==============================
